Started GET "/" for 172.18.0.1 at 2018-01-22 13:30:53 +0000
Cannot render console from 172.18.0.1! Allowed networks: 127.0.0.1, ::1, 127.0.0.0/127.255.255.255
  
ActiveRecord::NoDatabaseError (FATAL:  database "onebitcode_exchance_development" does not exist
):
  
activerecord (5.0.6) lib/active_record/connection_adapters/postgresql_adapter.rb:675:in `rescue in connect'
activerecord (5.0.6) lib/active_record/connection_adapters/postgresql_adapter.rb:670:in `connect'
activerecord (5.0.6) lib/active_record/connection_adapters/postgresql_adapter.rb:217:in `initialize'
activerecord (5.0.6) lib/active_record/connection_adapters/postgresql_adapter.rb:37:in `new'
activerecord (5.0.6) lib/active_record/connection_adapters/postgresql_adapter.rb:37:in `postgresql_connection'
activerecord (5.0.6) lib/active_record/connection_adapters/abstract/connection_pool.rb:729:in `new_connection'
activerecord (5.0.6) lib/active_record/connection_adapters/abstract/connection_pool.rb:773:in `checkout_new_connection'
activerecord (5.0.6) lib/active_record/connection_adapters/abstract/connection_pool.rb:752:in `try_to_checkout_new_connection'
activerecord (5.0.6) lib/active_record/connection_adapters/abstract/connection_pool.rb:713:in `acquire_connection'
activerecord (5.0.6) lib/active_record/connection_adapters/abstract/connection_pool.rb:490:in `checkout'
activerecord (5.0.6) lib/active_record/connection_adapters/abstract/connection_pool.rb:364:in `connection'
activerecord (5.0.6) lib/active_record/connection_adapters/abstract/connection_pool.rb:883:in `retrieve_connection'
activerecord (5.0.6) lib/active_record/connection_handling.rb:128:in `retrieve_connection'
activerecord (5.0.6) lib/active_record/connection_handling.rb:91:in `connection'
activerecord (5.0.6) lib/active_record/migration.rb:559:in `connection'
activerecord (5.0.6) lib/active_record/migration.rb:546:in `call'
actionpack (5.0.6) lib/action_dispatch/middleware/callbacks.rb:38:in `block in call'
activesupport (5.0.6) lib/active_support/callbacks.rb:97:in `__run_callbacks__'
activesupport (5.0.6) lib/active_support/callbacks.rb:750:in `_run_call_callbacks'
activesupport (5.0.6) lib/active_support/callbacks.rb:90:in `run_callbacks'
actionpack (5.0.6) lib/action_dispatch/middleware/callbacks.rb:36:in `call'
actionpack (5.0.6) lib/action_dispatch/middleware/executor.rb:12:in `call'
actionpack (5.0.6) lib/action_dispatch/middleware/remote_ip.rb:79:in `call'
actionpack (5.0.6) lib/action_dispatch/middleware/debug_exceptions.rb:49:in `call'
web-console (3.5.1) lib/web_console/middleware.rb:135:in `call_app'
web-console (3.5.1) lib/web_console/middleware.rb:20:in `block in call'
web-console (3.5.1) lib/web_console/middleware.rb:18:in `catch'
web-console (3.5.1) lib/web_console/middleware.rb:18:in `call'
actionpack (5.0.6) lib/action_dispatch/middleware/show_exceptions.rb:31:in `call'
railties (5.0.6) lib/rails/rack/logger.rb:36:in `call_app'
railties (5.0.6) lib/rails/rack/logger.rb:24:in `block in call'
activesupport (5.0.6) lib/active_support/tagged_logging.rb:69:in `block in tagged'
activesupport (5.0.6) lib/active_support/tagged_logging.rb:26:in `tagged'
activesupport (5.0.6) lib/active_support/tagged_logging.rb:69:in `tagged'
railties (5.0.6) lib/rails/rack/logger.rb:24:in `call'
sprockets-rails (3.2.1) lib/sprockets/rails/quiet_assets.rb:13:in `call'
actionpack (5.0.6) lib/action_dispatch/middleware/request_id.rb:24:in `call'
rack (2.0.3) lib/rack/method_override.rb:22:in `call'
rack (2.0.3) lib/rack/runtime.rb:22:in `call'
activesupport (5.0.6) lib/active_support/cache/strategy/local_cache_middleware.rb:28:in `call'
actionpack (5.0.6) lib/action_dispatch/middleware/executor.rb:12:in `call'
actionpack (5.0.6) lib/action_dispatch/middleware/static.rb:136:in `call'
rack (2.0.3) lib/rack/sendfile.rb:111:in `call'
railties (5.0.6) lib/rails/engine.rb:522:in `call'
puma (3.11.2) lib/puma/configuration.rb:225:in `call'
puma (3.11.2) lib/puma/server.rb:624:in `handle_request'
puma (3.11.2) lib/puma/server.rb:438:in `process_client'
puma (3.11.2) lib/puma/server.rb:302:in `block in run'
puma (3.11.2) lib/puma/thread_pool.rb:120:in `block in spawn_thread'
  Rendering /usr/local/bundle/gems/actionpack-5.0.6/lib/action_dispatch/middleware/templates/rescues/diagnostics.html.erb within rescues/layout
  Rendering /usr/local/bundle/gems/actionpack-5.0.6/lib/action_dispatch/middleware/templates/rescues/_source.html.erb
  Rendered /usr/local/bundle/gems/actionpack-5.0.6/lib/action_dispatch/middleware/templates/rescues/_source.html.erb (2.2ms)
  Rendering /usr/local/bundle/gems/actionpack-5.0.6/lib/action_dispatch/middleware/templates/rescues/_trace.html.erb
  Rendered /usr/local/bundle/gems/actionpack-5.0.6/lib/action_dispatch/middleware/templates/rescues/_trace.html.erb (1.3ms)
  Rendering /usr/local/bundle/gems/actionpack-5.0.6/lib/action_dispatch/middleware/templates/rescues/_request_and_response.html.erb
  Rendered /usr/local/bundle/gems/actionpack-5.0.6/lib/action_dispatch/middleware/templates/rescues/_request_and_response.html.erb (0.7ms)
  Rendered /usr/local/bundle/gems/actionpack-5.0.6/lib/action_dispatch/middleware/templates/rescues/diagnostics.html.erb within rescues/layout (22.5ms)
Started GET "/" for 172.18.0.1 at 2018-01-22 13:34:20 +0000
Cannot render console from 172.18.0.1! Allowed networks: 127.0.0.1, ::1, 127.0.0.0/127.255.255.255
  
ActiveRecord::NoDatabaseError (FATAL:  database "onebitcode_exchance_development" does not exist
):
  
activerecord (5.0.6) lib/active_record/connection_adapters/postgresql_adapter.rb:675:in `rescue in connect'
activerecord (5.0.6) lib/active_record/connection_adapters/postgresql_adapter.rb:670:in `connect'
activerecord (5.0.6) lib/active_record/connection_adapters/postgresql_adapter.rb:217:in `initialize'
activerecord (5.0.6) lib/active_record/connection_adapters/postgresql_adapter.rb:37:in `new'
activerecord (5.0.6) lib/active_record/connection_adapters/postgresql_adapter.rb:37:in `postgresql_connection'
activerecord (5.0.6) lib/active_record/connection_adapters/abstract/connection_pool.rb:729:in `new_connection'
activerecord (5.0.6) lib/active_record/connection_adapters/abstract/connection_pool.rb:773:in `checkout_new_connection'
activerecord (5.0.6) lib/active_record/connection_adapters/abstract/connection_pool.rb:752:in `try_to_checkout_new_connection'
activerecord (5.0.6) lib/active_record/connection_adapters/abstract/connection_pool.rb:713:in `acquire_connection'
activerecord (5.0.6) lib/active_record/connection_adapters/abstract/connection_pool.rb:490:in `checkout'
activerecord (5.0.6) lib/active_record/connection_adapters/abstract/connection_pool.rb:364:in `connection'
activerecord (5.0.6) lib/active_record/connection_adapters/abstract/connection_pool.rb:883:in `retrieve_connection'
activerecord (5.0.6) lib/active_record/connection_handling.rb:128:in `retrieve_connection'
activerecord (5.0.6) lib/active_record/connection_handling.rb:91:in `connection'
activerecord (5.0.6) lib/active_record/migration.rb:559:in `connection'
activerecord (5.0.6) lib/active_record/migration.rb:546:in `call'
actionpack (5.0.6) lib/action_dispatch/middleware/callbacks.rb:38:in `block in call'
activesupport (5.0.6) lib/active_support/callbacks.rb:97:in `__run_callbacks__'
activesupport (5.0.6) lib/active_support/callbacks.rb:750:in `_run_call_callbacks'
activesupport (5.0.6) lib/active_support/callbacks.rb:90:in `run_callbacks'
actionpack (5.0.6) lib/action_dispatch/middleware/callbacks.rb:36:in `call'
actionpack (5.0.6) lib/action_dispatch/middleware/executor.rb:12:in `call'
actionpack (5.0.6) lib/action_dispatch/middleware/remote_ip.rb:79:in `call'
actionpack (5.0.6) lib/action_dispatch/middleware/debug_exceptions.rb:49:in `call'
web-console (3.5.1) lib/web_console/middleware.rb:135:in `call_app'
web-console (3.5.1) lib/web_console/middleware.rb:20:in `block in call'
web-console (3.5.1) lib/web_console/middleware.rb:18:in `catch'
web-console (3.5.1) lib/web_console/middleware.rb:18:in `call'
actionpack (5.0.6) lib/action_dispatch/middleware/show_exceptions.rb:31:in `call'
railties (5.0.6) lib/rails/rack/logger.rb:36:in `call_app'
railties (5.0.6) lib/rails/rack/logger.rb:24:in `block in call'
activesupport (5.0.6) lib/active_support/tagged_logging.rb:69:in `block in tagged'
activesupport (5.0.6) lib/active_support/tagged_logging.rb:26:in `tagged'
activesupport (5.0.6) lib/active_support/tagged_logging.rb:69:in `tagged'
railties (5.0.6) lib/rails/rack/logger.rb:24:in `call'
sprockets-rails (3.2.1) lib/sprockets/rails/quiet_assets.rb:13:in `call'
actionpack (5.0.6) lib/action_dispatch/middleware/request_id.rb:24:in `call'
rack (2.0.3) lib/rack/method_override.rb:22:in `call'
rack (2.0.3) lib/rack/runtime.rb:22:in `call'
activesupport (5.0.6) lib/active_support/cache/strategy/local_cache_middleware.rb:28:in `call'
actionpack (5.0.6) lib/action_dispatch/middleware/executor.rb:12:in `call'
actionpack (5.0.6) lib/action_dispatch/middleware/static.rb:136:in `call'
rack (2.0.3) lib/rack/sendfile.rb:111:in `call'
railties (5.0.6) lib/rails/engine.rb:522:in `call'
puma (3.11.2) lib/puma/configuration.rb:225:in `call'
puma (3.11.2) lib/puma/server.rb:624:in `handle_request'
puma (3.11.2) lib/puma/server.rb:438:in `process_client'
puma (3.11.2) lib/puma/server.rb:302:in `block in run'
puma (3.11.2) lib/puma/thread_pool.rb:120:in `block in spawn_thread'
  Rendering /usr/local/bundle/gems/actionpack-5.0.6/lib/action_dispatch/middleware/templates/rescues/diagnostics.html.erb within rescues/layout
  Rendering /usr/local/bundle/gems/actionpack-5.0.6/lib/action_dispatch/middleware/templates/rescues/_source.html.erb
  Rendered /usr/local/bundle/gems/actionpack-5.0.6/lib/action_dispatch/middleware/templates/rescues/_source.html.erb (2.1ms)
  Rendering /usr/local/bundle/gems/actionpack-5.0.6/lib/action_dispatch/middleware/templates/rescues/_trace.html.erb
  Rendered /usr/local/bundle/gems/actionpack-5.0.6/lib/action_dispatch/middleware/templates/rescues/_trace.html.erb (1.2ms)
  Rendering /usr/local/bundle/gems/actionpack-5.0.6/lib/action_dispatch/middleware/templates/rescues/_request_and_response.html.erb
  Rendered /usr/local/bundle/gems/actionpack-5.0.6/lib/action_dispatch/middleware/templates/rescues/_request_and_response.html.erb (0.7ms)
  Rendered /usr/local/bundle/gems/actionpack-5.0.6/lib/action_dispatch/middleware/templates/rescues/diagnostics.html.erb within rescues/layout (21.1ms)
Started GET "/" for 172.18.0.1 at 2018-01-22 13:36:20 +0000
Cannot render console from 172.18.0.1! Allowed networks: 127.0.0.1, ::1, 127.0.0.0/127.255.255.255
Processing by Rails::WelcomeController#index as HTML
  Parameters: {"internal"=>true}
  Rendering /usr/local/bundle/gems/railties-5.0.6/lib/rails/templates/rails/welcome/index.html.erb
  Rendered /usr/local/bundle/gems/railties-5.0.6/lib/rails/templates/rails/welcome/index.html.erb (3.1ms)
Completed 200 OK in 14ms (Views: 6.2ms | ActiveRecord: 0.0ms)


Started GET "/website" for 172.18.0.1 at 2018-01-22 13:36:57 +0000
Cannot render console from 172.18.0.1! Allowed networks: 127.0.0.1, ::1, 127.0.0.0/127.255.255.255
  
ActionController::RoutingError (No route matches [GET] "/website"):
  
actionpack (5.0.6) lib/action_dispatch/middleware/debug_exceptions.rb:53:in `call'
web-console (3.5.1) lib/web_console/middleware.rb:135:in `call_app'
web-console (3.5.1) lib/web_console/middleware.rb:20:in `block in call'
web-console (3.5.1) lib/web_console/middleware.rb:18:in `catch'
web-console (3.5.1) lib/web_console/middleware.rb:18:in `call'
actionpack (5.0.6) lib/action_dispatch/middleware/show_exceptions.rb:31:in `call'
railties (5.0.6) lib/rails/rack/logger.rb:36:in `call_app'
railties (5.0.6) lib/rails/rack/logger.rb:24:in `block in call'
activesupport (5.0.6) lib/active_support/tagged_logging.rb:69:in `block in tagged'
activesupport (5.0.6) lib/active_support/tagged_logging.rb:26:in `tagged'
activesupport (5.0.6) lib/active_support/tagged_logging.rb:69:in `tagged'
railties (5.0.6) lib/rails/rack/logger.rb:24:in `call'
sprockets-rails (3.2.1) lib/sprockets/rails/quiet_assets.rb:13:in `call'
actionpack (5.0.6) lib/action_dispatch/middleware/request_id.rb:24:in `call'
rack (2.0.3) lib/rack/method_override.rb:22:in `call'
rack (2.0.3) lib/rack/runtime.rb:22:in `call'
activesupport (5.0.6) lib/active_support/cache/strategy/local_cache_middleware.rb:28:in `call'
actionpack (5.0.6) lib/action_dispatch/middleware/executor.rb:12:in `call'
actionpack (5.0.6) lib/action_dispatch/middleware/static.rb:136:in `call'
rack (2.0.3) lib/rack/sendfile.rb:111:in `call'
railties (5.0.6) lib/rails/engine.rb:522:in `call'
puma (3.11.2) lib/puma/configuration.rb:225:in `call'
puma (3.11.2) lib/puma/server.rb:624:in `handle_request'
puma (3.11.2) lib/puma/server.rb:438:in `process_client'
puma (3.11.2) lib/puma/server.rb:302:in `block in run'
puma (3.11.2) lib/puma/thread_pool.rb:120:in `block in spawn_thread'
  Rendering /usr/local/bundle/gems/actionpack-5.0.6/lib/action_dispatch/middleware/templates/rescues/routing_error.html.erb within rescues/layout
  Rendering /usr/local/bundle/gems/actionpack-5.0.6/lib/action_dispatch/middleware/templates/rescues/_trace.html.erb
  Rendered /usr/local/bundle/gems/actionpack-5.0.6/lib/action_dispatch/middleware/templates/rescues/_trace.html.erb (1.3ms)
  Rendered /usr/local/bundle/gems/actionpack-5.0.6/lib/action_dispatch/middleware/templates/routes/_table.html.erb (5.5ms)
  Rendering /usr/local/bundle/gems/actionpack-5.0.6/lib/action_dispatch/middleware/templates/rescues/_request_and_response.html.erb
  Rendered /usr/local/bundle/gems/actionpack-5.0.6/lib/action_dispatch/middleware/templates/rescues/_request_and_response.html.erb (1.0ms)
  Rendered /usr/local/bundle/gems/actionpack-5.0.6/lib/action_dispatch/middleware/templates/rescues/routing_error.html.erb within rescues/layout (27.1ms)
Started GET "/routes" for 172.18.0.1 at 2018-01-22 13:37:03 +0000
Cannot render console from 172.18.0.1! Allowed networks: 127.0.0.1, ::1, 127.0.0.0/127.255.255.255
  
ActionController::RoutingError (No route matches [GET] "/routes"):
  
actionpack (5.0.6) lib/action_dispatch/middleware/debug_exceptions.rb:53:in `call'
web-console (3.5.1) lib/web_console/middleware.rb:135:in `call_app'
web-console (3.5.1) lib/web_console/middleware.rb:20:in `block in call'
web-console (3.5.1) lib/web_console/middleware.rb:18:in `catch'
web-console (3.5.1) lib/web_console/middleware.rb:18:in `call'
actionpack (5.0.6) lib/action_dispatch/middleware/show_exceptions.rb:31:in `call'
railties (5.0.6) lib/rails/rack/logger.rb:36:in `call_app'
railties (5.0.6) lib/rails/rack/logger.rb:24:in `block in call'
activesupport (5.0.6) lib/active_support/tagged_logging.rb:69:in `block in tagged'
activesupport (5.0.6) lib/active_support/tagged_logging.rb:26:in `tagged'
activesupport (5.0.6) lib/active_support/tagged_logging.rb:69:in `tagged'
railties (5.0.6) lib/rails/rack/logger.rb:24:in `call'
sprockets-rails (3.2.1) lib/sprockets/rails/quiet_assets.rb:13:in `call'
actionpack (5.0.6) lib/action_dispatch/middleware/request_id.rb:24:in `call'
rack (2.0.3) lib/rack/method_override.rb:22:in `call'
rack (2.0.3) lib/rack/runtime.rb:22:in `call'
activesupport (5.0.6) lib/active_support/cache/strategy/local_cache_middleware.rb:28:in `call'
actionpack (5.0.6) lib/action_dispatch/middleware/executor.rb:12:in `call'
actionpack (5.0.6) lib/action_dispatch/middleware/static.rb:136:in `call'
rack (2.0.3) lib/rack/sendfile.rb:111:in `call'
railties (5.0.6) lib/rails/engine.rb:522:in `call'
puma (3.11.2) lib/puma/configuration.rb:225:in `call'
puma (3.11.2) lib/puma/server.rb:624:in `handle_request'
puma (3.11.2) lib/puma/server.rb:438:in `process_client'
puma (3.11.2) lib/puma/server.rb:302:in `block in run'
puma (3.11.2) lib/puma/thread_pool.rb:120:in `block in spawn_thread'
  Rendering /usr/local/bundle/gems/actionpack-5.0.6/lib/action_dispatch/middleware/templates/rescues/routing_error.html.erb within rescues/layout
  Rendering /usr/local/bundle/gems/actionpack-5.0.6/lib/action_dispatch/middleware/templates/rescues/_trace.html.erb
  Rendered /usr/local/bundle/gems/actionpack-5.0.6/lib/action_dispatch/middleware/templates/rescues/_trace.html.erb (1.0ms)
  Rendered /usr/local/bundle/gems/actionpack-5.0.6/lib/action_dispatch/middleware/templates/routes/_table.html.erb (0.9ms)
  Rendering /usr/local/bundle/gems/actionpack-5.0.6/lib/action_dispatch/middleware/templates/rescues/_request_and_response.html.erb
  Rendered /usr/local/bundle/gems/actionpack-5.0.6/lib/action_dispatch/middleware/templates/rescues/_request_and_response.html.erb (1.1ms)
  Rendered /usr/local/bundle/gems/actionpack-5.0.6/lib/action_dispatch/middleware/templates/rescues/routing_error.html.erb within rescues/layout (16.2ms)
Started GET "/" for 172.18.0.1 at 2018-01-22 13:37:10 +0000
Cannot render console from 172.18.0.1! Allowed networks: 127.0.0.1, ::1, 127.0.0.0/127.255.255.255
Processing by Rails::WelcomeController#index as HTML
  Parameters: {"internal"=>true}
  Rendering /usr/local/bundle/gems/railties-5.0.6/lib/rails/templates/rails/welcome/index.html.erb
  Rendered /usr/local/bundle/gems/railties-5.0.6/lib/rails/templates/rails/welcome/index.html.erb (3.8ms)
Completed 200 OK in 6ms (Views: 5.1ms | ActiveRecord: 0.0ms)


